TN:
SF:app.js
FN:32,(anonymous_0)
FN:37,(anonymous_1)
FNF:2
FNH:2
FNDA:2,(anonymous_0)
FNDA:21,(anonymous_1)
DA:5,5
DA:6,5
DA:8,5
DA:10,5
DA:11,5
DA:12,5
DA:13,5
DA:14,5
DA:16,5
DA:18,5
DA:20,5
DA:21,5
DA:22,5
DA:23,5
DA:25,5
DA:26,5
DA:27,5
DA:28,5
DA:32,5
DA:33,2
DA:37,5
DA:38,21
DA:39,21
DA:40,21
DA:42,21
DA:47,5
LF:26
LH:26
BRDA:38,0,0,1
BRDA:38,0,1,20
BRDA:39,1,0,21
BRDA:39,1,1,0
BRF:4
BRH:3
end_of_record
TN:
SF:config.js
FN:13,getDatabaseUri
FNF:1
FNH:1
FNDA:21,getDatabaseUri
DA:5,11
DA:6,11
DA:8,11
DA:10,11
DA:14,21
DA:22,11
DA:24,11
DA:25,11
DA:26,11
DA:27,11
DA:28,11
DA:29,11
DA:31,11
LF:13
LH:13
BRDA:8,0,0,11
BRDA:8,0,1,0
BRDA:10,1,0,11
BRDA:10,1,1,10
BRDA:14,2,0,18
BRDA:14,2,1,3
BRDA:16,3,0,3
BRDA:16,3,1,1
BRDA:22,4,0,10
BRDA:22,4,1,1
BRF:10
BRH:9
end_of_record
TN:
SF:db.js
FNF:0
FNH:0
DA:5,8
DA:6,8
DA:8,8
DA:12,8
DA:14,8
LF:5
LH:5
BRF:0
BRH:0
end_of_record
TN:
SF:expressError.js
FN:10,(anonymous_0)
FN:20,(anonymous_1)
FN:28,(anonymous_2)
FN:36,(anonymous_3)
FN:44,(anonymous_4)
FNF:5
FNH:4
FNDA:37,(anonymous_0)
FNDA:9,(anonymous_1)
FNDA:19,(anonymous_2)
FNDA:9,(anonymous_3)
FNDA:0,(anonymous_4)
DA:11,37
DA:12,37
DA:13,37
DA:21,9
DA:29,19
DA:37,9
DA:45,0
DA:49,10
LF:8
LH:7
BRDA:20,0,0,2
BRDA:28,1,0,19
BRDA:36,2,0,0
BRDA:44,3,0,0
BRF:4
BRH:2
end_of_record
TN:
SF:helpers/sql.js
FN:22,sqlForPartialUpdate
FN:27,(anonymous_1)
FNF:2
FNH:2
FNDA:8,sqlForPartialUpdate
FNDA:17,(anonymous_1)
DA:3,9
DA:23,8
DA:24,8
DA:27,7
DA:28,17
DA:31,7
DA:37,9
LF:7
LH:7
BRDA:24,0,0,1
BRDA:24,0,1,7
BRDA:28,1,0,17
BRDA:28,1,1,9
BRF:4
BRH:4
end_of_record
TN:
SF:helpers/tokens.js
FN:8,createToken
FNF:1
FNH:1
FNDA:15,createToken
DA:3,6
DA:4,6
DA:9,15
DA:12,15
DA:17,15
DA:20,6
LF:6
LH:6
BRDA:14,0,0,15
BRDA:14,0,1,10
BRF:2
BRH:2
end_of_record
TN:
SF:middleware/auth.js
FN:18,authenticateJWT
FN:38,ensureLoggedIn
FN:49,ensureAdmin
FN:63,ensureCorrectUserOrAdmin
FNF:4
FNH:4
FNDA:32,authenticateJWT
FNDA:3,ensureLoggedIn
FNDA:24,ensureAdmin
FNDA:5,ensureCorrectUserOrAdmin
DA:5,6
DA:6,6
DA:7,6
DA:19,32
DA:20,32
DA:21,17
DA:23,17
DA:24,17
DA:29,32
DA:39,3
DA:40,2
DA:50,24
DA:51,10
DA:53,14
DA:64,5
DA:65,5
DA:66,5
DA:67,2
DA:70,3
DA:74,6
LF:20
LH:20
BRDA:20,0,0,17
BRDA:20,0,1,15
BRDA:39,1,0,1
BRDA:39,1,1,2
BRDA:50,2,0,10
BRDA:50,2,1,14
BRDA:50,3,0,24
BRDA:50,3,1,18
BRDA:66,4,0,2
BRDA:66,4,1,3
BRDA:66,5,0,5
BRDA:66,5,1,4
BRDA:66,5,2,3
BRF:13
BRH:13
end_of_record
TN:
SF:models/_testCommon.js
FN:10,commonBeforeAll
FN:29,(anonymous_1)
FN:50,commonBeforeEach
FN:54,commonAfterEach
FN:58,commonAfterAll
FNF:5
FNH:5
FNDA:3,commonBeforeAll
FNDA:4,(anonymous_1)
FNDA:21,commonBeforeEach
FNDA:53,commonAfterEach
FNDA:3,commonAfterAll
DA:3,3
DA:5,3
DA:6,3
DA:8,3
DA:12,3
DA:14,3
DA:16,3
DA:22,1
DA:29,4
DA:31,1
DA:44,1
DA:51,21
DA:55,53
DA:59,3
DA:63,3
LF:15
LH:15
BRF:0
BRH:0
end_of_record
TN:
SF:models/company.js
FN:19,(anonymous_0)
FN:67,(anonymous_1)
FN:103,(anonymous_2)
FN:133,(anonymous_3)
FN:171,(anonymous_4)
FN:203,(anonymous_5)
FNF:6
FNH:6
FNDA:14,(anonymous_0)
FNDA:13,(anonymous_1)
FNDA:10,(anonymous_2)
FNDA:5,(anonymous_3)
FNDA:6,(anonymous_4)
FNDA:4,(anonymous_5)
DA:3,6
DA:4,6
DA:5,6
DA:20,14
DA:25,14
DA:26,2
DA:28,12
DA:48,11
DA:50,11
DA:68,13
DA:69,13
DA:71,13
DA:72,6
DA:73,6
DA:76,13
DA:77,5
DA:78,5
DA:81,13
DA:82,4
DA:83,4
DA:86,13
DA:90,13
DA:104,10
DA:106,10
DA:107,1
DA:110,9
DA:114,9
DA:122,9
DA:134,5
DA:143,5
DA:145,5
DA:147,3
DA:154,3
DA:156,3
DA:172,6
DA:178,5
DA:180,5
DA:190,5
DA:191,5
DA:193,5
DA:195,3
DA:204,4
DA:209,4
DA:211,4
DA:216,6
LF:45
LH:45
BRDA:25,0,0,2
BRDA:25,0,1,12
BRDA:71,1,0,6
BRDA:71,1,1,7
BRDA:76,2,0,5
BRDA:76,2,1,8
BRDA:81,3,0,4
BRDA:81,3,1,9
BRDA:86,4,0,10
BRDA:86,4,1,3
BRDA:103,5,0,1
BRDA:106,6,0,1
BRDA:106,6,1,9
BRDA:145,7,0,2
BRDA:145,7,1,3
BRDA:193,8,0,2
BRDA:193,8,1,3
BRDA:211,9,0,2
BRDA:211,9,1,2
BRF:19
BRH:19
end_of_record
TN:
SF:models/job.js
FN:20,(anonymous_0)
FN:66,(anonymous_1)
FN:101,(anonymous_2)
FN:129,(anonymous_3)
FN:170,(anonymous_4)
FN:198,(anonymous_5)
FNF:6
FNH:1
FNDA:4,(anonymous_0)
FNDA:0,(anonymous_1)
FNDA:0,(anonymous_2)
FNDA:0,(anonymous_3)
FNDA:0,(anonymous_4)
FNDA:0,(anonymous_5)
DA:3,6
DA:4,6
DA:5,6
DA:21,4
DA:26,4
DA:28,4
DA:30,3
DA:47,3
DA:49,3
DA:67,0
DA:68,0
DA:70,0
DA:71,0
DA:72,0
DA:75,0
DA:76,0
DA:79,0
DA:80,0
DA:81,0
DA:84,0
DA:88,0
DA:103,0
DA:107,0
DA:118,0
DA:130,0
DA:139,0
DA:141,0
DA:143,0
DA:152,0
DA:153,0
DA:155,0
DA:171,0
DA:174,0
DA:176,0
DA:185,0
DA:186,0
DA:188,0
DA:190,0
DA:199,0
DA:204,0
DA:206,0
DA:210,6
LF:42
LH:10
BRDA:28,0,0,1
BRDA:28,0,1,3
BRDA:70,1,0,0
BRDA:70,1,1,0
BRDA:75,2,0,0
BRDA:75,2,1,0
BRDA:79,3,0,0
BRDA:79,3,1,0
BRDA:84,4,0,0
BRDA:84,4,1,0
BRDA:101,5,0,0
BRDA:141,6,0,0
BRDA:141,6,1,0
BRDA:188,7,0,0
BRDA:188,7,1,0
BRDA:206,8,0,0
BRDA:206,8,1,0
BRF:17
BRH:2
end_of_record
TN:
SF:models/user.js
FN:24,(anonymous_0)
FN:58,(anonymous_1)
FN:106,(anonymous_2)
FN:128,(anonymous_3)
FN:148,(anonymous_4)
FN:169,(anonymous_5)
FN:203,(anonymous_6)
FN:221,(anonymous_7)
FNF:8
FNH:2
FNDA:0,(anonymous_0)
FNDA:3,(anonymous_1)
FNDA:0,(anonymous_2)
FNDA:0,(anonymous_3)
FNDA:0,(anonymous_4)
FNDA:0,(anonymous_5)
FNDA:0,(anonymous_6)
FNDA:1,(anonymous_7)
DA:3,6
DA:4,6
DA:5,6
DA:10,6
DA:12,6
DA:26,0
DA:37,0
DA:39,0
DA:41,0
DA:42,0
DA:43,0
DA:44,0
DA:48,0
DA:60,3
DA:66,3
DA:67,0
DA:70,3
DA:72,3
DA:96,3
DA:98,3
DA:107,0
DA:117,0
DA:129,0
DA:139,0
DA:141,0
DA:143,0
DA:148,0
DA:149,0
DA:170,0
DA:171,0
DA:174,0
DA:181,0
DA:183,0
DA:192,0
DA:193,0
DA:195,0
DA:197,0
DA:198,0
DA:204,0
DA:210,0
DA:212,0
DA:222,1
DA:226,1
DA:228,1
DA:230,1
DA:234,1
DA:236,1
DA:238,1
DA:245,6
LF:49
LH:19
BRDA:39,0,0,0
BRDA:39,0,1,0
BRDA:42,1,0,0
BRDA:42,1,1,0
BRDA:66,2,0,0
BRDA:66,2,1,3
BRDA:141,3,0,0
BRDA:141,3,1,0
BRDA:170,4,0,0
BRDA:170,4,1,0
BRDA:195,5,0,0
BRDA:195,5,1,0
BRDA:212,6,0,0
BRDA:212,6,1,0
BRDA:228,7,0,0
BRDA:228,7,1,1
BRDA:236,8,0,0
BRDA:236,8,1,1
BRF:18
BRH:3
end_of_record
TN:
SF:routes/_testCommon.js
FN:11,commonBeforeAll
FN:77,commonBeforeEach
FN:81,commonAfterEach
FN:85,commonAfterAll
FNF:4
FNH:4
FNDA:4,commonBeforeAll
FNDA:27,commonBeforeEach
FNDA:104,commonAfterEach
FNDA:4,commonAfterAll
DA:3,4
DA:4,4
DA:5,4
DA:6,4
DA:7,4
DA:9,4
DA:13,4
DA:15,4
DA:17,4
DA:25,3
DA:33,3
DA:42,2
DA:44,1
DA:46,1
DA:49,1
DA:57,1
DA:65,1
DA:74,1
DA:78,27
DA:82,104
DA:86,4
DA:90,4
DA:91,4
DA:92,4
DA:95,4
LF:25
LH:25
BRF:0
BRH:0
end_of_record
TN:
SF:routes/auth.js
FN:22,(anonymous_0)
FN:29,(anonymous_1)
FN:49,(anonymous_2)
FN:56,(anonymous_3)
FNF:4
FNH:0
FNDA:0,(anonymous_0)
FNDA:0,(anonymous_1)
FNDA:0,(anonymous_2)
FNDA:0,(anonymous_3)
DA:5,5
DA:7,5
DA:8,5
DA:9,5
DA:10,5
DA:11,5
DA:12,5
DA:13,5
DA:22,5
DA:23,0
DA:28,0
DA:29,0
DA:30,0
DA:33,0
DA:34,0
DA:35,0
DA:36,0
DA:49,5
DA:50,0
DA:55,0
DA:56,0
DA:57,0
DA:60,0
DA:61,0
DA:62,0
DA:66,5
LF:26
LH:11
BRDA:28,0,0,0
BRDA:28,0,1,0
BRDA:55,1,0,0
BRDA:55,1,1,0
BRF:4
BRH:0
end_of_record
TN:
SF:routes/companies.js
FN:28,(anonymous_0)
FN:35,(anonymous_1)
FN:54,(anonymous_2)
FN:66,(anonymous_3)
FN:82,(anonymous_4)
FN:98,(anonymous_5)
FN:105,(anonymous_6)
FN:118,(anonymous_7)
FNF:8
FNH:8
FNDA:3,(anonymous_0)
FNDA:3,(anonymous_1)
FNDA:4,(anonymous_2)
FNDA:1,(anonymous_3)
FNDA:3,(anonymous_4)
FNDA:4,(anonymous_5)
FNDA:2,(anonymous_6)
FNDA:2,(anonymous_7)
DA:5,5
DA:6,5
DA:8,5
DA:9,5
DA:10,5
DA:12,5
DA:13,5
DA:14,5
DA:16,5
DA:28,5
DA:29,3
DA:34,3
DA:35,3
DA:36,2
DA:39,1
DA:40,1
DA:54,5
DA:55,4
DA:57,4
DA:58,4
DA:60,4
DA:65,4
DA:66,1
DA:67,1
DA:70,3
DA:71,3
DA:82,5
DA:83,3
DA:84,2
DA:98,5
DA:99,4
DA:104,4
DA:105,2
DA:106,2
DA:109,2
DA:110,1
DA:118,5
DA:119,2
DA:120,1
DA:124,5
LF:40
LH:40
BRDA:34,0,0,2
BRDA:34,0,1,1
BRDA:57,1,0,3
BRDA:57,1,1,1
BRDA:58,2,0,1
BRDA:58,2,1,3
BRDA:65,3,0,1
BRDA:65,3,1,3
BRDA:104,4,0,2
BRDA:104,4,1,2
BRF:10
BRH:10
end_of_record
TN:
SF:routes/jobs.js
FN:27,(anonymous_0)
FN:34,(anonymous_1)
FN:53,(anonymous_2)
FN:65,(anonymous_3)
FN:81,(anonymous_4)
FN:96,(anonymous_5)
FN:103,(anonymous_6)
FN:116,(anonymous_7)
FNF:8
FNH:0
FNDA:0,(anonymous_0)
FNDA:0,(anonymous_1)
FNDA:0,(anonymous_2)
FNDA:0,(anonymous_3)
FNDA:0,(anonymous_4)
FNDA:0,(anonymous_5)
FNDA:0,(anonymous_6)
FNDA:0,(anonymous_7)
DA:5,5
DA:7,5
DA:8,5
DA:9,5
DA:10,5
DA:11,5
DA:12,5
DA:13,5
DA:15,5
DA:27,5
DA:28,0
DA:33,0
DA:34,0
DA:35,0
DA:38,0
DA:39,0
DA:53,5
DA:54,0
DA:56,0
DA:57,0
DA:59,0
DA:64,0
DA:65,0
DA:66,0
DA:69,0
DA:70,0
DA:81,5
DA:82,0
DA:83,0
DA:96,5
DA:97,0
DA:102,0
DA:103,0
DA:104,0
DA:107,0
DA:108,0
DA:116,5
DA:117,0
DA:118,0
DA:122,5
LF:40
LH:15
BRDA:33,0,0,0
BRDA:33,0,1,0
BRDA:56,1,0,0
BRDA:56,1,1,0
BRDA:64,2,0,0
BRDA:64,2,1,0
BRDA:102,3,0,0
BRDA:102,3,1,0
BRF:8
BRH:0
end_of_record
TN:
SF:routes/users.js
FN:30,(anonymous_0)
FN:37,(anonymous_1)
FN:54,(anonymous_2)
FN:68,(anonymous_3)
FN:84,(anonymous_4)
FN:91,(anonymous_5)
FN:105,(anonymous_6)
FN:118,(anonymous_7)
FNF:8
FNH:0
FNDA:0,(anonymous_0)
FNDA:0,(anonymous_1)
FNDA:0,(anonymous_2)
FNDA:0,(anonymous_3)
FNDA:0,(anonymous_4)
FNDA:0,(anonymous_5)
FNDA:0,(anonymous_6)
FNDA:0,(anonymous_7)
DA:5,5
DA:7,5
DA:8,5
DA:9,5
DA:10,5
DA:11,5
DA:12,5
DA:13,5
DA:15,5
DA:30,5
DA:31,0
DA:36,0
DA:37,0
DA:38,0
DA:41,0
DA:42,0
DA:43,0
DA:54,5
DA:55,0
DA:56,0
DA:68,5
DA:69,0
DA:70,0
DA:84,5
DA:85,0
DA:90,0
DA:91,0
DA:92,0
DA:95,0
DA:96,0
DA:105,5
DA:106,0
DA:107,0
DA:118,5
DA:119,0
DA:120,0
DA:121,0
DA:125,5
LF:38
LH:16
BRDA:36,0,0,0
BRDA:36,0,1,0
BRDA:90,1,0,0
BRDA:90,1,1,0
BRF:4
BRH:0
end_of_record
